c:\users\jorge\documents\visual studio 2015\projects\pong\pong\debug\pong.pch
c:\users\jorge\documents\visual studio 2015\projects\pong\pong\debug\vc140.pdb
c:\users\jorge\documents\visual studio 2015\projects\pong\pong\debug\vc140.idb
c:\users\jorge\documents\visual studio 2015\projects\pong\pong\debug\stdafx.obj
c:\users\jorge\documents\visual studio 2015\projects\pong\pong\debug\ball.obj
c:\users\jorge\documents\visual studio 2015\projects\pong\pong\debug\gameobject.obj
c:\users\jorge\documents\visual studio 2015\projects\pong\pong\debug\paddle.obj
c:\users\jorge\documents\visual studio 2015\projects\pong\pong\debug\pong.obj
c:\users\jorge\documents\visual studio 2015\projects\pong\pong\debug\main.obj
c:\users\jorge\documents\visual studio 2015\projects\pong\debug\pong.pdb
c:\users\jorge\documents\visual studio 2015\projects\pong\pong\debug\pong.tlog\cl.command.1.tlog
c:\users\jorge\documents\visual studio 2015\projects\pong\pong\debug\pong.tlog\cl.read.1.tlog
c:\users\jorge\documents\visual studio 2015\projects\pong\pong\debug\pong.tlog\cl.write.1.tlog
c:\users\jorge\documents\visual studio 2015\projects\pong\pong\debug\pong.tlog\link-cvtres.read.1.tlog
c:\users\jorge\documents\visual studio 2015\projects\pong\pong\debug\pong.tlog\link-cvtres.write.1.tlog
c:\users\jorge\documents\visual studio 2015\projects\pong\pong\debug\pong.tlog\link-rc.read.1.tlog
c:\users\jorge\documents\visual studio 2015\projects\pong\pong\debug\pong.tlog\link-rc.write.1.tlog
c:\users\jorge\documents\visual studio 2015\projects\pong\pong\debug\pong.tlog\link.command.1.tlog
c:\users\jorge\documents\visual studio 2015\projects\pong\pong\debug\pong.tlog\link.read.1.tlog
c:\users\jorge\documents\visual studio 2015\projects\pong\pong\debug\pong.tlog\link.write.1.tlog
