c:\users\jorge\documents\visual studio 2015\projects\pong\pong\release\pong.pch
c:\users\jorge\documents\visual studio 2015\projects\pong\pong\release\vc140.pdb
c:\users\jorge\documents\visual studio 2015\projects\pong\pong\release\stdafx.obj
c:\users\jorge\documents\visual studio 2015\projects\pong\pong\release\paddle.obj
c:\users\jorge\documents\visual studio 2015\projects\pong\pong\release\ball.obj
c:\users\jorge\documents\visual studio 2015\projects\pong\pong\release\pong.obj
c:\users\jorge\documents\visual studio 2015\projects\pong\pong\release\main.obj
c:\users\jorge\documents\visual studio 2015\projects\pong\pong\release\gameobject.obj
c:\users\jorge\documents\visual studio 2015\projects\pong\release\pong.exe
c:\users\jorge\documents\visual studio 2015\projects\pong\release\pong.ipdb
c:\users\jorge\documents\visual studio 2015\projects\pong\release\pong.iobj
c:\users\jorge\documents\visual studio 2015\projects\pong\release\pong.pdb
c:\users\jorge\documents\visual studio 2015\projects\pong\release\pong.lib
c:\users\jorge\documents\visual studio 2015\projects\pong\release\pong.exp
c:\users\jorge\documents\visual studio 2015\projects\pong\pong\release\pong.tlog\cl.command.1.tlog
c:\users\jorge\documents\visual studio 2015\projects\pong\pong\release\pong.tlog\cl.read.1.tlog
c:\users\jorge\documents\visual studio 2015\projects\pong\pong\release\pong.tlog\cl.write.1.tlog
c:\users\jorge\documents\visual studio 2015\projects\pong\pong\release\pong.tlog\link.command.1.tlog
c:\users\jorge\documents\visual studio 2015\projects\pong\pong\release\pong.tlog\link.read.1.tlog
c:\users\jorge\documents\visual studio 2015\projects\pong\pong\release\pong.tlog\link.write.1.tlog
c:\users\jorge\documents\visual studio 2015\projects\pong\pong\release\pong.tlog\pong.write.1u.tlog
